{
  "RSpec": {
    "coverage": {
      "/home/bromley/Projects/oystercard/spec/features/feature_spec.rb": {
        "lines": [
          null,
          null,
          1,
          null,
          null,
          null,
          null,
          1,
          1,
          1,
          2,
          null,
          null,
          null,
          null,
          null,
          null,
          1,
          1,
          1,
          1,
          1,
          1,
          null,
          null
        ]
      },
      "/home/bromley/Projects/oystercard/lib/oystercard.rb": {
        "lines": [
          null,
          null,
          null,
          1,
          null,
          1,
          1,
          1,
          1,
          null,
          1,
          null,
          1,
          15,
          15,
          null,
          null,
          1,
          2,
          1,
          null,
          null,
          1,
          2,
          null,
          null,
          1,
          6,
          4,
          null,
          null,
          1,
          3,
          3,
          null,
          null,
          1,
          1,
          3,
          null,
          null,
          1,
          6,
          null,
          null,
          1,
          2,
          null,
          null
        ]
      },
      "/home/bromley/Projects/oystercard/spec/oystercard_spec.rb": {
        "lines": [
          null,
          null,
          1,
          null,
          1,
          10,
          5,
          null,
          1,
          null,
          2,
          null,
          1,
          1,
          null,
          null,
          1,
          1,
          1,
          null,
          null,
          null,
          1,
          null,
          2,
          null,
          1,
          4,
          null,
          null,
          1,
          2,
          null,
          null,
          null,
          null,
          1,
          2,
          null,
          null,
          1,
          2,
          null,
          1,
          1,
          1,
          1,
          null,
          null,
          1,
          2,
          null,
          null,
          null,
          1,
          2,
          null,
          1,
          1,
          1,
          1,
          1,
          null,
          null,
          1,
          1,
          1,
          4,
          null,
          null,
          null,
          null
        ]
      }
    },
    "timestamp": 1643726751
  }
}
